This is pdfTeX, Version 3.14159265-2.6-1.40.21 (TeX Live 2020/W32TeX) (preloaded format=pdflatex 2021.5.19)  20 OCT 2023 19:00
entering extended mode
 restricted \write18 enabled.
 %&-line parsing enabled.
**ÂÖ≥‰∫éÊ§≠ÂúÜÁöÑ92‰∏™‰∫åÁ∫ßÂÖ¨Âºè.tex
(./ÂÖ≥‰∫éÊ§≠ÂúÜÁöÑ92‰∏™‰∫åÁ∫ßÂÖ¨Âºè.tex
LaTeX2e <2020-02-02> patch level 5
L3 programming layer <2020-03-06>
(c:/texlive/2020/texmf-dist/tex/latex/base/article.cls
Document Class: article 2019/12/20 v1.4l Standard LaTeX document class
(c:/texlive/2020/texmf-dist/tex/latex/base/size10.clo
File: size10.clo 2019/12/20 v1.4l Standard LaTeX file (size option)
)
\c@part=\count167
\c@section=\count168
\c@subsection=\count169
\c@subsubsection=\count170
\c@paragraph=\count171
\c@subparagraph=\count172
\c@figure=\count173
\c@table=\count174
\abovecaptionskip=\skip47
\belowcaptionskip=\skip48
\bibindent=\dimen134
)
(c:/texlive/2020/texmf-dist/tex/latex/geometry/geometry.sty
Package: geometry 2020/01/02 v5.9 Page Geometry

(c:/texlive/2020/texmf-dist/tex/latex/graphics/keyval.sty
Package: keyval 2014/10/28 v1.15 key=value parser (DPC)
\KV@toks@=\toks15
)
(c:/texlive/2020/texmf-dist/tex/generic/iftex/ifvtex.sty
Package: ifvtex 2019/10/25 v1.7 ifvtex legacy package. Use iftex instead.

(c:/texlive/2020/texmf-dist/tex/generic/iftex/iftex.sty
Package: iftex 2020/03/06 v1.0d TeX engine tests
))
\Gm@cnth=\count175
\Gm@cntv=\count176
\c@Gm@tempcnt=\count177
\Gm@bindingoffset=\dimen135
\Gm@wd@mp=\dimen136
\Gm@odd@mp=\dimen137
\Gm@even@mp=\dimen138
\Gm@layoutwidth=\dimen139
\Gm@layoutheight=\dimen140
\Gm@layouthoffset=\dimen141
\Gm@layoutvoffset=\dimen142
\Gm@dimlist=\toks16
)
(c:/texlive/2020/texmf-dist/tex/latex/amsmath/amsmath.sty
Package: amsmath 2020/01/20 v2.17e AMS math features
\@mathmargin=\skip49

For additional information on amsmath, use the `?' option.
(c:/texlive/2020/texmf-dist/tex/latex/amsmath/amstext.sty
Package: amstext 2000/06/29 v2.01 AMS text

(c:/texlive/2020/texmf-dist/tex/latex/amsmath/amsgen.sty
File: amsgen.sty 1999/11/30 v2.0 generic functions
\@emptytoks=\toks17
\ex@=\dimen143
))
(c:/texlive/2020/texmf-dist/tex/latex/amsmath/amsbsy.sty
Package: amsbsy 1999/11/29 v1.2d Bold Symbols
\pmbraise@=\dimen144
)
(c:/texlive/2020/texmf-dist/tex/latex/amsmath/amsopn.sty
Package: amsopn 2016/03/08 v2.02 operator names
)
\inf@bad=\count178
LaTeX Info: Redefining \frac on input line 227.
\uproot@=\count179
\leftroot@=\count180
LaTeX Info: Redefining \overline on input line 389.
\classnum@=\count181
\DOTSCASE@=\count182
LaTeX Info: Redefining \ldots on input line 486.
LaTeX Info: Redefining \dots on input line 489.
LaTeX Info: Redefining \cdots on input line 610.
\Mathstrutbox@=\box45
\strutbox@=\box46
\big@size=\dimen145
LaTeX Font Info:    Redeclaring font encoding OML on input line 733.
LaTeX Font Info:    Redeclaring font encoding OMS on input line 734.
\macc@depth=\count183
\c@MaxMatrixCols=\count184
\dotsspace@=\muskip16
\c@parentequation=\count185
\dspbrk@lvl=\count186
\tag@help=\toks18
\row@=\count187
\column@=\count188
\maxfields@=\count189
\andhelp@=\toks19
\eqnshift@=\dimen146
\alignsep@=\dimen147
\tagshift@=\dimen148
\tagwidth@=\dimen149
\totwidth@=\dimen150
\lineht@=\dimen151
\@envbody=\toks20
\multlinegap=\skip50
\multlinetaggap=\skip51
\mathdisplay@stack=\toks21
LaTeX Info: Redefining \[ on input line 2859.
LaTeX Info: Redefining \] on input line 2860.
)
(c:/texlive/2020/texmf-dist/tex/latex/fancyhdr/fancyhdr.sty
Package: fancyhdr 2019/01/31 v3.10 Extensive control of page headers and footer
s
\f@nch@headwidth=\skip52
\f@nch@O@elh=\skip53
\f@nch@O@erh=\skip54
\f@nch@O@olh=\skip55
\f@nch@O@orh=\skip56
\f@nch@O@elf=\skip57
\f@nch@O@erf=\skip58
\f@nch@O@olf=\skip59
\f@nch@O@orf=\skip60
)
(c:/texlive/2020/texmf-dist/tex/latex/lastpage/lastpage.sty
Package: lastpage 2015/03/29 v1.2m Refers to last page's name (HMM; JPG)
)
(c:/texlive/2020/texmf-dist/tex/latex/tools/multicol.sty
Package: multicol 2019/12/09 v1.8y multicolumn formatting (FMi)
\c@tracingmulticols=\count190
\mult@box=\box47
\multicol@leftmargin=\dimen152
\c@unbalance=\count191
\c@collectmore=\count192
\doublecol@number=\count193
\multicoltolerance=\count194
\multicolpretolerance=\count195
\full@width=\dimen153
\page@free=\dimen154
\premulticols=\dimen155
\postmulticols=\dimen156
\multicolsep=\skip61
\multicolbaselineskip=\skip62
\partial@page=\box48
\last@line=\box49
\maxbalancingoverflow=\dimen157
\mult@rightbox=\box50
\mult@grightbox=\box51
\mult@gfirstbox=\box52
\mult@firstbox=\box53
\@tempa=\box54
\@tempa=\box55
\@tempa=\box56
\@tempa=\box57
\@tempa=\box58
\@tempa=\box59
\@tempa=\box60
\@tempa=\box61
\@tempa=\box62
\@tempa=\box63
\@tempa=\box64
\@tempa=\box65
\@tempa=\box66
\@tempa=\box67
\@tempa=\box68
\@tempa=\box69
\@tempa=\box70
\@tempa=\box71
\@tempa=\box72
\@tempa=\box73
\@tempa=\box74
\@tempa=\box75
\@tempa=\box76
\@tempa=\box77
\@tempa=\box78
\@tempa=\box79
\@tempa=\box80
\@tempa=\box81
\@tempa=\box82
\@tempa=\box83
\@tempa=\box84
\@tempa=\box85
\@tempa=\box86
\@tempa=\box87
\@tempa=\box88
\@tempa=\box89
\@tempa=\box90
\c@minrows=\count196
\c@columnbadness=\count197
\c@finalcolumnbadness=\count198
\last@try=\dimen158
\multicolovershoot=\dimen159
\multicolundershoot=\dimen160
\mult@nat@firstbox=\box91
\colbreak@box=\box92
\mc@col@check@num=\count199
)
(c:/texlive/2020/texmf-dist/tex/latex/ctex/ctex.sty
(c:/texlive/2020/texmf-dist/tex/latex/l3kernel/expl3.sty
Package: expl3 2020-03-06 L3 programming layer (loader) 

(c:/texlive/2020/texmf-dist/tex/latex/l3backend/l3backend-pdfmode.def
File: l3backend-pdfmode.def 2020-03-12 L3 backend support: PDF mode
\l__kernel_color_stack_int=\count266
\l__pdf_internal_box=\box93
))
Package: ctex 2019/05/29 v2.4.16 Chinese adapter in LaTeX (CTEX)

(c:/texlive/2020/texmf-dist/tex/latex/l3packages/xparse/xparse.sty
Package: xparse 2020-03-06 L3 Experimental document command parser
\l__xparse_current_arg_int=\count267
\g__xparse_grabber_int=\count268
\l__xparse_m_args_int=\count269
\l__xparse_v_nesting_int=\count270
)
(c:/texlive/2020/texmf-dist/tex/latex/l3packages/l3keys2e/l3keys2e.sty
Package: l3keys2e 2020-03-06 LaTeX2e option processing using LaTeX3 keys
)
(c:/texlive/2020/texmf-dist/tex/latex/ctex/ctexhook.sty
Package: ctexhook 2019/05/29 v2.4.16 Document and package hooks (CTEX)
)
(c:/texlive/2020/texmf-dist/tex/latex/ctex/ctexpatch.sty
Package: ctexpatch 2019/05/29 v2.4.16 Patching commands (CTEX)
)
(c:/texlive/2020/texmf-dist/tex/latex/base/fix-cm.sty
Package: fix-cm 2015/01/14 v1.1t fixes to LaTeX

(c:/texlive/2020/texmf-dist/tex/latex/base/ts1enc.def
File: ts1enc.def 2001/06/05 v3.0e (jk/car/fm) Standard LaTeX file
LaTeX Font Info:    Redeclaring font encoding TS1 on input line 47.
))
(c:/texlive/2020/texmf-dist/tex/latex/ms/everysel.sty
Package: everysel 2011/10/28 v1.2 EverySelectfont Package (MS)
)
\l__ctex_tmp_int=\count271
\l__ctex_tmp_box=\box94
\l__ctex_tmp_dim=\dimen161
\g__ctex_section_depth_int=\count272
\g__ctex_font_size_int=\count273

(c:/texlive/2020/texmf-dist/tex/latex/ctex/config/ctexopts.cfg
File: ctexopts.cfg 2019/05/29 v2.4.16 Option configuration file (CTEX)
)
(c:/texlive/2020/texmf-dist/tex/latex/ctex/engine/ctex-engine-pdftex.def
File: ctex-engine-pdftex.def 2019/05/29 v2.4.16 (pdf)LaTeX adapter (CTEX)

(c:/texlive/2020/texmf-dist/tex/latex/cjk/texinput/CJKutf8.sty
Package: CJKutf8 2015/04/18 4.8.4

(c:/texlive/2020/texmf-dist/tex/generic/iftex/ifpdf.sty
Package: ifpdf 2019/10/25 v3.4 ifpdf legacy package. Use iftex instead.
)
(c:/texlive/2020/texmf-dist/tex/latex/base/inputenc.sty
Package: inputenc 2018/08/11 v1.3c Input encoding file
\inpenc@prehook=\toks22
\inpenc@posthook=\toks23
)
(c:/texlive/2020/texmf-dist/tex/latex/cjk/texinput/CJK.sty
Package: CJK 2015/04/18 4.8.4

(c:/texlive/2020/texmf-dist/tex/latex/cjk/texinput/mule/MULEenc.sty
Package: MULEenc 2015/04/18 4.8.4
)
(c:/texlive/2020/texmf-dist/tex/latex/cjk/texinput/CJK.enc
File: CJK.enc 2015/04/18 4.8.4
Now handling font encoding C00 ...
... no UTF-8 mapping file for font encoding C00
Now handling font encoding C05 ...
... no UTF-8 mapping file for font encoding C05
Now handling font encoding C09 ...
... no UTF-8 mapping file for font encoding C09
Now handling font encoding C10 ...
... no UTF-8 mapping file for font encoding C10
Now handling font encoding C20 ...
... no UTF-8 mapping file for font encoding C20
Now handling font encoding C19 ...
... no UTF-8 mapping file for font encoding C19
Now handling font encoding C40 ...
... no UTF-8 mapping file for font encoding C40
Now handling font encoding C42 ...
... no UTF-8 mapping file for font encoding C42
Now handling font encoding C43 ...
... no UTF-8 mapping file for font encoding C43
Now handling font encoding C50 ...
... no UTF-8 mapping file for font encoding C50
Now handling font encoding C52 ...
... no UTF-8 mapping file for font encoding C52
Now handling font encoding C49 ...
... no UTF-8 mapping file for font encoding C49
Now handling font encoding C60 ...
... no UTF-8 mapping file for font encoding C60
Now handling font encoding C61 ...
... no UTF-8 mapping file for font encoding C61
Now handling font encoding C63 ...
... no UTF-8 mapping file for font encoding C63
Now handling font encoding C64 ...
... no UTF-8 mapping file for font encoding C64
Now handling font encoding C65 ...
... no UTF-8 mapping file for font encoding C65
Now handling font encoding C70 ...
... no UTF-8 mapping file for font encoding C70
Now handling font encoding C31 ...
... no UTF-8 mapping file for font encoding C31
Now handling font encoding C32 ...
... no UTF-8 mapping file for font encoding C32
Now handling font encoding C33 ...
... no UTF-8 mapping file for font encoding C33
Now handling font encoding C34 ...
... no UTF-8 mapping file for font encoding C34
Now handling font encoding C35 ...
... no UTF-8 mapping file for font encoding C35
Now handling font encoding C36 ...
... no UTF-8 mapping file for font encoding C36
Now handling font encoding C37 ...
... no UTF-8 mapping file for font encoding C37
Now handling font encoding C80 ...
... no UTF-8 mapping file for font encoding C80
Now handling font encoding C81 ...
... no UTF-8 mapping file for font encoding C81
Now handling font encoding C01 ...
... no UTF-8 mapping file for font encoding C01
Now handling font encoding C11 ...
... no UTF-8 mapping file for font encoding C11
Now handling font encoding C21 ...
... no UTF-8 mapping file for font encoding C21
Now handling font encoding C41 ...
... no UTF-8 mapping file for font encoding C41
Now handling font encoding C62 ...
... no UTF-8 mapping file for font encoding C62
)
LaTeX Info: Redefining \selectfont on input line 755.
\CJK@indent=\box95
)
(c:/texlive/2020/texmf-dist/tex/latex/base/fontenc.sty
Package: fontenc 2020/02/11 v2.0o Standard LaTeX package
))
(c:/texlive/2020/texmf-dist/tex/latex/cjkpunct/CJKpunct.sty
Package: CJKpunct 2016/05/14 4.8.4
\CJKpunct@cnta=\count274
\CJKpunct@cntb=\count275
\CJKpunct@cntc=\count276
\CJKpunct@cntd=\count277
\CJKpunct@cnte=\count278
   defining Unicode char U+2018 (decimal 8216)
   defining Unicode char U+2019 (decimal 8217)
   defining Unicode char U+201C (decimal 8220)
   defining Unicode char U+201D (decimal 8221)
   defining Unicode char U+2014 (decimal 8212)
   defining Unicode char U+2026 (decimal 8230)

(c:/texlive/2020/texmf-dist/tex/latex/cjkpunct/CJKpunct.spa))
(c:/texlive/2020/texmf-dist/tex/latex/cjk/texinput/CJKspace.sty
Package: CJKspace 2015/04/18 3.8.0
)
(c:/texlive/2020/texmf-dist/tex/latex/ctex/ctexspa.def
File: ctexspa.def 2019/05/29 v2.4.16 Space info for CJKpunct (CTEX)
)
(c:/texlive/2020/texmf-dist/tex/latex/cjk/texinput/CJKfntef.sty
Package: CJKfntef 2015/04/18 4.8.4

(c:/texlive/2020/texmf-dist/tex/latex/cjk/texinput/CJKulem.sty
Package: CJKulem 2015/04/18 4.8.4

(c:/texlive/2020/texmf-dist/tex/generic/ulem/ulem.sty
\UL@box=\box96
\UL@hyphenbox=\box97
\UL@skip=\skip63
\UL@hook=\toks24
\UL@height=\dimen162
\UL@pe=\count279
\UL@pixel=\dimen163
\ULC@box=\box98
Package: ulem 2019/11/18
\ULdepth=\dimen164
)
\UL@lastkern=\dimen165
\CJK@skip=\skip64
)
\CJK@fntefSkip=\skip65
\CJK@nest=\count280
\CJK@fntefDimen=\dimen166
\CJK@underdotBox=\box99
\CJK@ULbox=\box100
\CJK@underanyskip=\dimen167
)
\ccwd=\dimen168
\l__ctex_ccglue_skip=\skip66
)
\l__ctex_ziju_dim=\dimen169

(c:/texlive/2020/texmf-dist/tex/latex/zhnumber/zhnumber.sty
Package: zhnumber 2019/04/07 v2.7 Typesetting numbers with Chinese glyphs
\l__zhnum_scale_int=\count281
\l__zhnum_byte_min_int=\count282
\l__zhnum_byte_max_int=\count283

(c:/texlive/2020/texmf-dist/tex/latex/zhnumber/zhnumber-utf8.cfg
File: zhnumber-utf8.cfg 2019/04/07 v2.7 Chinese numerals with UTF8 encoding
))
(c:/texlive/2020/texmf-dist/tex/latex/ctex/scheme/ctex-scheme-chinese.def
File: ctex-scheme-chinese.def 2019/05/29 v2.4.16 Chinese scheme for generic (CT
EX)

(c:/texlive/2020/texmf-dist/tex/latex/ctex/config/ctex-name-utf8.cfg
File: ctex-name-utf8.cfg 2019/05/29 v2.4.16 Caption with encoding UTF8 (CTEX)
))
(c:/texlive/2020/texmf-dist/tex/latex/tools/indentfirst.sty
Package: indentfirst 1995/11/23 v1.03 Indent first paragraph (DPC)
)
(c:/texlive/2020/texmf-dist/tex/latex/ctex/ctex-c5size.clo
File: ctex-c5size.clo 2019/05/29 v2.4.16 c5size option (CTEX)
)
(c:/texlive/2020/texmf-dist/tex/latex/ctex/fontset/ctex-fontset-windows.def
File: ctex-fontset-windows.def 2019/05/29 v2.4.16 Windows fonts definition (CTE
X)

(c:/texlive/2020/texmf-dist/tex/latex/ctex/fontset/ctex-fontset-windowsnew.def
File: ctex-fontset-windowsnew.def 2019/05/29 v2.4.16 Windows fonts definition f
or Vista or later version (CTEX)

(c:/texlive/2020/texmf-dist/tex/generic/ctex/zhwindowsfonts.tex
File: zhwindowsfonts.tex 2019/05/29 v2.4.16 Windows font map loader for pdfTeX 
and DVIPDFMx (CTEX)
{c:/texlive/2020/texmf-var/fonts/map/pdftex/updmap/pdftex.map}{UGBK.sfd}{Unicod
e.sfd}))))
(c:/texlive/2020/texmf-dist/tex/latex/ctex/config/ctex.cfg
File: ctex.cfg 2019/05/29 v2.4.16 Configuration file (CTEX)
)
(c:/texlive/2020/texmf-dist/tex/latex/datetime/datetime.sty
Package: datetime 2015/03/20 v2.60 Date Time Package

(c:/texlive/2020/texmf-dist/tex/latex/etoolbox/etoolbox.sty
Package: etoolbox 2019/09/21 v2.5h e-TeX tools for LaTeX (JAW)
\etb@tempcnta=\count284
)
(c:/texlive/2020/texmf-dist/tex/latex/fmtcount/fmtcount.sty
Package: fmtcount 2020/01/30 v3.07

(c:/texlive/2020/texmf-dist/tex/latex/base/ifthen.sty
Package: ifthen 2014/09/29 v1.1c Standard LaTeX ifthen package (DPC)
)
(c:/texlive/2020/texmf-dist/tex/latex/xkeyval/xkeyval.sty
Package: xkeyval 2014/12/03 v2.7a package option processing (HA)

(c:/texlive/2020/texmf-dist/tex/generic/xkeyval/xkeyval.tex
(c:/texlive/2020/texmf-dist/tex/generic/xkeyval/xkvutils.tex
\XKV@toks=\toks25
\XKV@tempa@toks=\toks26
)
\XKV@depth=\count285
File: xkeyval.tex 2014/12/03 v2.7a key=value parser (HA)
))
(c:/texlive/2020/texmf-dist/tex/latex/fmtcount/fcprefix.sty
Package: fcprefix 2012/09/28

(c:/texlive/2020/texmf-dist/tex/latex/fmtcount/fcnumparser.sty
Package: fcnumparser 2017/06/15
\fc@digit@counter=\count286
))
\c@padzeroesN=\count287
\fc@tmpcatcode=\count288
\@DT@modctr=\count289
\@ordinalctr=\count290
\@orgargctr=\count291
\@strctr=\count292
\@tmpstrctr=\count293
\@DT@loopN=\count294
\@DT@X=\count295
)
(c:/texlive/2020/texmf-dist/tex/latex/datetime/datetime-defaults.sty
Package: datetime-defaults 2013/09/10
)
\@day=\count296
\@month=\count297
\@year=\count298
\c@HOUR=\count299
\c@HOURXII=\count300
\c@MINUTE=\count301
\c@TOHOUR=\count302
\c@TOMINUTE=\count303
\c@SECOND=\count304
\currenthour=\count305
\currentminute=\count306
\currentsecond=\count307
Package datetime Info: No datetime.cfg file found, using default settings on in
put line 308.
\@dtctr=\count308
\dayofyear=\count309
\dayofweek=\count310
LaTeX Info: Redefining \today on input line 736.
\dt@a=\toks27
\dt@b=\toks28
)
(c:/texlive/2020/texmf-dist/tex/latex/hyperref/hyperref.sty
Package: hyperref 2020/01/14 v7.00d Hypertext links for LaTeX

(c:/texlive/2020/texmf-dist/tex/generic/ltxcmds/ltxcmds.sty
Package: ltxcmds 2019/12/15 v1.24 LaTeX kernel commands for general use (HO)
)
(c:/texlive/2020/texmf-dist/tex/latex/pdftexcmds/pdftexcmds.sty
Package: pdftexcmds 2019/11/24 v0.31 Utility functions of pdfTeX for LuaTeX (HO
)

(c:/texlive/2020/texmf-dist/tex/generic/infwarerr/infwarerr.sty
Package: infwarerr 2019/12/03 v1.5 Providing info/warning/error messages (HO)
)
Package pdftexcmds Info: \pdf@primitive is available.
Package pdftexcmds Info: \pdf@ifprimitive is available.
Package pdftexcmds Info: \pdfdraftmode found.
)
(c:/texlive/2020/texmf-dist/tex/generic/kvsetkeys/kvsetkeys.sty
Package: kvsetkeys 2019/12/15 v1.18 Key value parser (HO)
)
(c:/texlive/2020/texmf-dist/tex/generic/kvdefinekeys/kvdefinekeys.sty
Package: kvdefinekeys 2019-12-19 v1.6 Define keys (HO)
)
(c:/texlive/2020/texmf-dist/tex/generic/pdfescape/pdfescape.sty
Package: pdfescape 2019/12/09 v1.15 Implements pdfTeX's escape features (HO)
)
(c:/texlive/2020/texmf-dist/tex/latex/hycolor/hycolor.sty
Package: hycolor 2020-01-27 v1.10 Color options for hyperref/bookmark (HO)
)
(c:/texlive/2020/texmf-dist/tex/latex/letltxmacro/letltxmacro.sty
Package: letltxmacro 2019/12/03 v1.6 Let assignment for LaTeX macros (HO)
)
(c:/texlive/2020/texmf-dist/tex/latex/auxhook/auxhook.sty
Package: auxhook 2019-12-17 v1.6 Hooks for auxiliary files (HO)
)
(c:/texlive/2020/texmf-dist/tex/latex/kvoptions/kvoptions.sty
Package: kvoptions 2019/11/29 v3.13 Key value format for package options (HO)
)
\@linkdim=\dimen170
\Hy@linkcounter=\count311
\Hy@pagecounter=\count312

(c:/texlive/2020/texmf-dist/tex/latex/hyperref/pd1enc.def
File: pd1enc.def 2020/01/14 v7.00d Hyperref: PDFDocEncoding definition (HO)
Now handling font encoding PD1 ...
... no UTF-8 mapping file for font encoding PD1
)
(c:/texlive/2020/texmf-dist/tex/generic/intcalc/intcalc.sty
Package: intcalc 2019/12/15 v1.3 Expandable calculations with integers (HO)
)
(c:/texlive/2020/texmf-dist/tex/generic/etexcmds/etexcmds.sty
Package: etexcmds 2019/12/15 v1.7 Avoid name clashes with e-TeX commands (HO)
)
\Hy@SavedSpaceFactor=\count313
Package hyperref Info: Option `unicode' set `true' on input line 4421.

(c:/texlive/2020/texmf-dist/tex/latex/hyperref/puenc.def
File: puenc.def 2020/01/14 v7.00d Hyperref: PDF Unicode definition (HO)
Now handling font encoding PU ...
... no UTF-8 mapping file for font encoding PU
)
Package hyperref Info: Hyper figures OFF on input line 4547.
Package hyperref Info: Link nesting OFF on input line 4552.
Package hyperref Info: Hyper index ON on input line 4555.
Package hyperref Info: Plain pages OFF on input line 4562.
Package hyperref Info: Backreferencing OFF on input line 4567.
Package hyperref Info: Implicit mode ON; LaTeX internals redefined.
Package hyperref Info: Bookmarks ON on input line 4800.
\c@Hy@tempcnt=\count314

(c:/texlive/2020/texmf-dist/tex/latex/url/url.sty
\Urlmuskip=\muskip17
Package: url 2013/09/16  ver 3.4  Verb mode for urls, etc.
)
LaTeX Info: Redefining \url on input line 5159.
\XeTeXLinkMargin=\dimen171

(c:/texlive/2020/texmf-dist/tex/generic/bitset/bitset.sty
Package: bitset 2019/12/09 v1.3 Handle bit-vector datatype (HO)

(c:/texlive/2020/texmf-dist/tex/generic/bigintcalc/bigintcalc.sty
Package: bigintcalc 2019/12/15 v1.5 Expandable calculations on big integers (HO
)
))
\Fld@menulength=\count315
\Field@Width=\dimen172
\Fld@charsize=\dimen173
Package hyperref Info: Hyper figures OFF on input line 6430.
Package hyperref Info: Link nesting OFF on input line 6435.
Package hyperref Info: Hyper index ON on input line 6438.
Package hyperref Info: backreferencing OFF on input line 6445.
Package hyperref Info: Link coloring OFF on input line 6450.
Package hyperref Info: Link coloring with OCG OFF on input line 6455.
Package hyperref Info: PDF/A mode OFF on input line 6460.
LaTeX Info: Redefining \ref on input line 6500.
LaTeX Info: Redefining \pageref on input line 6504.

(c:/texlive/2020/texmf-dist/tex/generic/atbegshi/atbegshi.sty
Package: atbegshi 2019/12/05 v1.19 At begin shipout hook (HO)
)
\Hy@abspage=\count316
\c@Item=\count317
\c@Hfootnote=\count318
)
Package hyperref Info: Driver (autodetected): hpdftex.

(c:/texlive/2020/texmf-dist/tex/latex/hyperref/hpdftex.def
File: hpdftex.def 2020/01/14 v7.00d Hyperref driver for pdfTeX

(c:/texlive/2020/texmf-dist/tex/latex/atveryend/atveryend.sty
Package: atveryend 2019-12-11 v1.11 Hooks at the very end of document (HO)
)
\Fld@listcount=\count319
\c@bookmark@seq@number=\count320

(c:/texlive/2020/texmf-dist/tex/latex/rerunfilecheck/rerunfilecheck.sty
Package: rerunfilecheck 2019/12/05 v1.9 Rerun checks for auxiliary files (HO)

(c:/texlive/2020/texmf-dist/tex/generic/uniquecounter/uniquecounter.sty
Package: uniquecounter 2019/12/15 v1.4 Provide unlimited unique counter (HO)
)
Package uniquecounter Info: New unique counter `rerunfilecheck' on input line 2
86.
)
\Hy@SectionHShift=\skip67
)
Package hyperref Info: Option `colorlinks' set `true' on input line 26.

(c:/texlive/2020/texmf-dist/tex/latex/tocloft/tocloft.sty
Package: tocloft 2017/08/31 v2.3i parameterised ToC, etc., typesetting
Package tocloft Info: The document has section divisions on input line 51.
\cftparskip=\skip68
\cftbeforetoctitleskip=\skip69
\cftaftertoctitleskip=\skip70
\cftbeforepartskip=\skip71
\cftpartnumwidth=\skip72
\cftpartindent=\skip73
\cftbeforesecskip=\skip74
\cftsecindent=\skip75
\cftsecnumwidth=\skip76
\cftbeforesubsecskip=\skip77
\cftsubsecindent=\skip78
\cftsubsecnumwidth=\skip79
\cftbeforesubsubsecskip=\skip80
\cftsubsubsecindent=\skip81
\cftsubsubsecnumwidth=\skip82
\cftbeforeparaskip=\skip83
\cftparaindent=\skip84
\cftparanumwidth=\skip85
\cftbeforesubparaskip=\skip86
\cftsubparaindent=\skip87
\cftsubparanumwidth=\skip88
\cftbeforeloftitleskip=\skip89
\cftafterloftitleskip=\skip90
\cftbeforefigskip=\skip91
\cftfigindent=\skip92
\cftfignumwidth=\skip93
\c@lofdepth=\count321
\c@lotdepth=\count322
\cftbeforelottitleskip=\skip94
\cftafterlottitleskip=\skip95
\cftbeforetabskip=\skip96
\cfttabindent=\skip97
\cfttabnumwidth=\skip98
)
(c:/texlive/2020/texmf-dist/tex/latex/enumitem/enumitem.sty
Package: enumitem 2019/06/20 v3.9 Customized lists
\labelindent=\skip99
\enit@outerparindent=\dimen174
\enit@toks=\toks29
\enit@inbox=\box101
\enit@count@id=\count323
\enitdp@description=\count324
)
\c@myitemcounter=\count325

(c:/texlive/2020/texmf-dist/tex/latex/cjk/texinput/UTF8/UTF8.bdg
File: UTF8.bdg 2015/04/18 4.8.4
)
(c:/texlive/2020/texmf-dist/tex/latex/cjk/texinput/UTF8/UTF8.enc
File: UTF8.enc 2015/04/18 4.8.4
)
(c:/texlive/2020/texmf-dist/tex/latex/cjk/texinput/UTF8/UTF8.chr
File: UTF8.chr 2015/04/18 4.8.4
)
(./ÂÖ≥‰∫éÊ§≠ÂúÜÁöÑ92‰∏™‰∫åÁ∫ßÂÖ¨Âºè.aux)
\openout1 = `ÂÖ≥‰∫éÊ§≠ÂúÜÁöÑ92‰∏™‰∫åÁ∫ßÂÖ¨Âºè.aux'.

LaTeX Font Info:    Checking defaults for OML/cmm/m/it on input line 43.
LaTeX Font Info:    ... okay on input line 43.
LaTeX Font Info:    Checking defaults for OMS/cmsy/m/n on input line 43.
LaTeX Font Info:    ... okay on input line 43.
LaTeX Font Info:    Checking defaults for OT1/cmr/m/n on input line 43.
LaTeX Font Info:    ... okay on input line 43.
LaTeX Font Info:    Checking defaults for T1/cmr/m/n on input line 43.
LaTeX Font Info:    ... okay on input line 43.
LaTeX Font Info:    Checking defaults for TS1/cmr/m/n on input line 43.
LaTeX Font Info:    ... okay on input line 43.
LaTeX Font Info:    Checking defaults for OMX/cmex/m/n on input line 43.
LaTeX Font Info:    ... okay on input line 43.
LaTeX Font Info:    Checking defaults for U/cmr/m/n on input line 43.
LaTeX Font Info:    ... okay on input line 43.
LaTeX Font Info:    Checking defaults for C00/song/m/n on input line 43.
LaTeX Font Info:    ... okay on input line 43.
LaTeX Font Info:    Checking defaults for C05/song/m/n on input line 43.
LaTeX Font Info:    ... okay on input line 43.
LaTeX Font Info:    Checking defaults for C09/song/m/n on input line 43.
LaTeX Font Info:    ... okay on input line 43.
LaTeX Font Info:    Checking defaults for C10/song/m/n on input line 43.
LaTeX Font Info:    ... okay on input line 43.
LaTeX Font Info:    Checking defaults for C20/song/m/n on input line 43.
LaTeX Font Info:    ... okay on input line 43.
LaTeX Font Info:    Checking defaults for C19/song/m/n on input line 43.
LaTeX Font Info:    ... okay on input line 43.
LaTeX Font Info:    Checking defaults for C40/song/m/n on input line 43.
LaTeX Font Info:    ... okay on input line 43.
LaTeX Font Info:    Checking defaults for C42/song/m/n on input line 43.
LaTeX Font Info:    ... okay on input line 43.
LaTeX Font Info:    Checking defaults for C43/song/m/n on input line 43.
LaTeX Font Info:    ... okay on input line 43.
LaTeX Font Info:    Checking defaults for C50/song/m/n on input line 43.
LaTeX Font Info:    ... okay on input line 43.
LaTeX Font Info:    Checking defaults for C52/song/m/n on input line 43.
LaTeX Font Info:    ... okay on input line 43.
LaTeX Font Info:    Checking defaults for C49/song/m/n on input line 43.
LaTeX Font Info:    ... okay on input line 43.
LaTeX Font Info:    Checking defaults for C60/mj/m/n on input line 43.
LaTeX Font Info:    ... okay on input line 43.
LaTeX Font Info:    Checking defaults for C61/mj/m/n on input line 43.
LaTeX Font Info:    ... okay on input line 43.
LaTeX Font Info:    Checking defaults for C63/mj/m/n on input line 43.
LaTeX Font Info:    ... okay on input line 43.
LaTeX Font Info:    Checking defaults for C64/mj/m/n on input line 43.
LaTeX Font Info:    ... okay on input line 43.
LaTeX Font Info:    Checking defaults for C65/mj/m/n on input line 43.
LaTeX Font Info:    ... okay on input line 43.
LaTeX Font Info:    Checking defaults for C70/song/m/n on input line 43.
LaTeX Font Info:    ... okay on input line 43.
LaTeX Font Info:    Checking defaults for C31/song/m/n on input line 43.
LaTeX Font Info:    ... okay on input line 43.
LaTeX Font Info:    Checking defaults for C32/song/m/n on input line 43.
LaTeX Font Info:    ... okay on input line 43.
LaTeX Font Info:    Checking defaults for C33/song/m/n on input line 43.
LaTeX Font Info:    ... okay on input line 43.
LaTeX Font Info:    Checking defaults for C34/song/m/n on input line 43.
LaTeX Font Info:    ... okay on input line 43.
LaTeX Font Info:    Checking defaults for C35/song/m/n on input line 43.
LaTeX Font Info:    ... okay on input line 43.
LaTeX Font Info:    Checking defaults for C36/song/m/n on input line 43.
LaTeX Font Info:    ... okay on input line 43.
LaTeX Font Info:    Checking defaults for C37/song/m/n on input line 43.
LaTeX Font Info:    ... okay on input line 43.
LaTeX Font Info:    Checking defaults for C80/song/m/n on input line 43.
LaTeX Font Info:    ... okay on input line 43.
LaTeX Font Info:    Checking defaults for C81/song/m/n on input line 43.
LaTeX Font Info:    ... okay on input line 43.
LaTeX Font Info:    Checking defaults for C01/song/m/n on input line 43.
LaTeX Font Info:    ... okay on input line 43.
LaTeX Font Info:    Checking defaults for C11/song/m/n on input line 43.
LaTeX Font Info:    ... okay on input line 43.
LaTeX Font Info:    Checking defaults for C21/song/m/n on input line 43.
LaTeX Font Info:    ... okay on input line 43.
LaTeX Font Info:    Checking defaults for C41/song/m/n on input line 43.
LaTeX Font Info:    ... okay on input line 43.
LaTeX Font Info:    Checking defaults for C62/song/m/n on input line 43.
LaTeX Font Info:    ... okay on input line 43.
LaTeX Font Info:    Checking defaults for PD1/pdf/m/n on input line 43.
LaTeX Font Info:    ... okay on input line 43.
LaTeX Font Info:    Checking defaults for PU/pdf/m/n on input line 43.
LaTeX Font Info:    ... okay on input line 43.

*geometry* driver: auto-detecting
*geometry* detected driver: pdftex
*geometry* verbose mode - [ preamble ] result:
* driver: pdftex
* paper: <default>
* layout: <same size as paper>
* layoutoffset:(h,v)=(0.0pt,0.0pt)
* modes: 
* h-part:(L,W,R)=(71.13188pt, 472.03123pt, 71.13188pt)
* v-part:(T,H,B)=(71.13188pt, 652.70622pt, 71.13188pt)
* \paperwidth=614.295pt
* \paperheight=794.96999pt
* \textwidth=472.03123pt
* \textheight=652.70622pt
* \oddsidemargin=-1.1381pt
* \evensidemargin=-1.1381pt
* \topmargin=-38.1381pt
* \headheight=12.0pt
* \headsep=25.0pt
* \topskip=10.0pt
* \footskip=30.0pt
* \marginparwidth=65.0pt
* \marginparsep=11.0pt
* \columnsep=10.0pt
* \skip\footins=9.0pt plus 4.0pt minus 2.0pt
* \hoffset=0.0pt
* \voffset=0.0pt
* \mag=1000
* \@twocolumnfalse
* \@twosidefalse
* \@mparswitchfalse
* \@reversemarginfalse
* (1in=72.27pt=25.4mm, 1cm=28.453pt)

Package lastpage Info: Please have a look at the pageslts package at
(lastpage)             https://www.ctan.org/pkg/pageslts
(lastpage)             ! on input line 43.
ABD: EverySelectfont initializing macros
LaTeX Info: Redefining \selectfont on input line 43.

(c:/texlive/2020/texmf-dist/tex/latex/fmtcount/fc-english.def
File: fc-english.def 2016/01/12
)
\AtBeginShipoutBox=\box102

(c:/texlive/2020/texmf-dist/tex/latex/graphics/color.sty
Package: color 2019/11/23 v1.2a Standard LaTeX Color (DPC)

(c:/texlive/2020/texmf-dist/tex/latex/graphics-cfg/color.cfg
File: color.cfg 2016/01/02 v1.6 sample color configuration
)
Package color Info: Driver file: pdftex.def on input line 147.

(c:/texlive/2020/texmf-dist/tex/latex/graphics-def/pdftex.def
File: pdftex.def 2018/01/08 v1.0l Graphics/color driver for pdftex

(c:/texlive/2020/texmf-dist/tex/context/base/mkii/supp-pdf.mkii
[Loading MPS to PDF converter (version 2006.09.02).]
\scratchcounter=\count326
\scratchdimen=\dimen175
\scratchbox=\box103
\nofMPsegments=\count327
\nofMParguments=\count328
\everyMPshowfont=\toks30
\MPscratchCnt=\count329
\MPscratchDim=\dimen176
\MPnumerator=\count330
\makeMPintoPDFobject=\count331
\everyMPtoPDFconversion=\toks31
)))
Package hyperref Info: Link coloring ON on input line 43.
 (c:/texlive/2020/texmf-dist/tex/latex/hyperref/nameref.sty
Package: nameref 2019/09/16 v2.46 Cross-referencing by name of section

(c:/texlive/2020/texmf-dist/tex/latex/refcount/refcount.sty
Package: refcount 2019/12/15 v3.6 Data extraction from label references (HO)
)
(c:/texlive/2020/texmf-dist/tex/generic/gettitlestring/gettitlestring.sty
Package: gettitlestring 2019/12/15 v1.6 Cleanup title references (HO)
)
\c@section@level=\count332
)
LaTeX Info: Redefining \ref on input line 43.
LaTeX Info: Redefining \pageref on input line 43.
LaTeX Info: Redefining \nameref on input line 43.

(./ÂÖ≥‰∫éÊ§≠ÂúÜÁöÑ92‰∏™‰∫åÁ∫ßÂÖ¨Âºè.out)
(./ÂÖ≥‰∫éÊ§≠ÂúÜÁöÑ92‰∏™‰∫åÁ∫ßÂÖ¨Âºè.out)
\@outlinefile=\write3
\openout3 = `ÂÖ≥‰∫éÊ§≠ÂúÜÁöÑ92‰∏™‰∫åÁ∫ßÂÖ¨Âºè.out'.

LaTeX Font Info:    Trying to load font information for C70+rm on input line 45
.

(c:/texlive/2020/texmf-dist/tex/latex/ctex/fd/c70rm.fd
File: c70rm.fd 2019/05/29 v2.4.16 Chinese font definition (CTEX)
)
(./ÂÖ≥‰∫éÊ§≠ÂúÜÁöÑ92‰∏™‰∫åÁ∫ßÂÖ¨Âºè.toc

LaTeX Font Warning: Font shape `OMX/cmex/m/n' in size <10.53937> not available
(Font)              size <10.95> substituted on input line 1.

)
\tf@toc=\write4
\openout4 = `ÂÖ≥‰∫éÊ§≠ÂúÜÁöÑ92‰∏™‰∫åÁ∫ßÂÖ¨Âºè.toc'.

 (c:/texlive/2020/texmf-dist/tex/generic/ctex/zhwindowsfonts.tex
File: zhwindowsfonts.tex 2019/05/29 v2.4.16 Windows font map loader for pdfTeX 
and DVIPDFMx (CTEX)
) [1

]
Package CJKpunct Info: use punctuation spaces for family 'rm' with punctstyle (
quanjiao) on input line 66.

Overfull \hbox (31.83086pt too wide) in paragraph at lines 86--87
[]\C70/rm/m/n/10.53937/82 Â$\OML/cmm/m/it/10.53937 PQ$\C70/rm/m/n/10.53937/66 /
 \C70/rm/m/n/10.53937/69 - \C70/rm/m/n/10.53937/57 ^^F$[] \OT1/cmr/m/n/10.53937
 + [] = 1 []$\C70/rm/m/n/10.53937/4e 
 \C70/rm/m/n/10.53937/5b ˘ \C70/rm/m/n/10.53937/4e é - \C70/rm/m/n/10.53937/5f 
√   \C70/rm/m/n/10.53937/76 Ù \C70/rm/m/n/10.53937/89 “ \C70/rm/m/n/10.53937/76
 Ñ \C70/rm/m/n/10.53937/5f &|\C70/rm/m/n/10.53937/ff ^^L| \C70/rm/m/n/10.53937/
52 ^^Y$[] \OT1/cmr/m/n/10.53937 + [] = [] + [] []$. 
 []


Overfull \hbox (16.38664pt too wide) in paragraph at lines 97--98
[]\C70/rm/m/n/10.53937/5b ˘$\OML/cmm/m/it/10.53937 C[]$\C70/rm/m/n/10.53937/4e 

 ˚ \C70/rm/m/n/10.53937/61 ^^O \C70/rm/m/n/10.53937/7e Ÿ \C70/rm/m/n/10.53937/5
b ö \C70/rm/m/n/10.53937/76 Ñ \C70/rm/m/n/10.53937/70 π$\OML/cmm/m/it/10.53937 
P []$|\C70/rm/m/n/10.53937/ff ^^L| \C70/rm/m/n/10.53937/5b É \C70/rm/m/n/10.539
37/76 Ñ \C70/rm/m/n/10.53937/4e ˚ ^^@ \C70/rm/m/n/10.53937/76 Ù \C70/rm/m/n/10.
53937/89 “ \C70/rm/m/n/10.53937/5f & ≈ \C70/rm/m/n/10.53937/98 { \C70/rm/m/n/10
.53937/7e œ \C70/rm/m/n/10.53937/8f «$\OML/cmm/m/it/10.53937 C[]$\C70/rm/m/n/10
.53937/4e 
 ˚ ^^@ \C70/rm/m/n/10.53937/5b ö \C70/rm/m/n/10.53937/70 π$\OML/cmm/m/it/10.539
37 M []$\OT1/cmr/m/n/10.53937 , 
 []

[2]
Overfull \hbox (26.65004pt too wide) in paragraph at lines 105--106
[]\C70/rm/m/n/10.53937/8b æ \C70/rm/m/n/10.53937/69 - \C70/rm/m/n/10.53937/57 ^
^F$\OML/cmm/m/it/10.53937 b[]x[] \OT1/cmr/m/n/10.53937 + \OML/cmm/m/it/10.53937
 a[]y[] \OT1/cmr/m/n/10.53937 = \OML/cmm/m/it/10.53937 a[]b[] []$\C70/rm/m/n/10
.53937/76 Ñ \C70/rm/m/n/10.53937/5d Ê \C70/rm/m/n/10.53937/53 Û \C70/rm/m/n/10.
53937/71 & \C70/rm/m/n/10.53937/70 π \C70/rm/m/n/10.53937/52 ^^F + \C70/rm/m/n/
10.53937/4e :$\OML/cmm/m/it/10.53937 F[]$|\C70/rm/m/n/10.53937/ff ^^L| $\OML/cm
m/m/it/10.53937 F[]$|\C70/rm/m/n/10.53937/ff ^^L| \C70/rm/m/n/10.53937/70 π$\OM
L/cmm/m/it/10.53937 P$\C70/rm/m/n/10.53937/4e : \C70/rm/m/n/10.53937/69 - \C70/
rm/m/n/10.53937/57 ^^F \C70/rm/m/n/10.53937/4e 
 ˚ \C70/rm/m/n/10.53937/61 ^^O \C70/rm/m/n/10.53937/4e ^^@ \C70/rm/m/n/10.53937
/70 π|\C70/rm/m/n/10.53937/ff ^^L| \C70/rm/m/n/10.53937/6e · \C70/rm/m/n/10.539
37/8d ≥$[]\OML/cmm/m/it/10.53937 F[]PF[] \OT1/cmr/m/n/10.53937 =
 []


Overfull \hbox (35.12915pt too wide) in paragraph at lines 105--106
\OML/cmm/m/it/10.53937 ^^M$|\C70/rm/m/n/10.53937/ff ^^L| \C70/rm/m/n/10.53937/5
2 ^^Y \C70/rm/m/n/10.53937/69 - \C70/rm/m/n/10.53937/57 ^^F \C70/rm/m/n/10.5393
7/76 Ñ \C70/rm/m/n/10.53937/71 & \C70/rm/m/n/10.53937/70 π \C70/rm/m/n/10.53937
/4e 	 \C70/rm/m/n/10.53937/89 “ \C70/rm/m/n/10.53937/5f b \C70/rm/m/n/10.53937/
76 Ñ \C70/rm/m/n/10.53937/97 b \C70/rm/m/n/10.53937/79 Ô \C70/rm/m/n/10.53937/4
e :$\OML/cmm/m/it/10.53937 S[] \OT1/cmr/m/n/10.53937 = \OML/cmm/m/it/10.53937 b
[] [] []$|\C70/rm/m/n/10.53937/ff ^^L| \C70/rm/m/n/10.53937/4e ^^T$\OML/cmm/m/i
t/10.53937 P$\C70/rm/m/n/10.53937/70 π \C70/rm/m/n/10.53937/76 Ñ \C70/rm/m/n/10
.53937/57 P \C70/rm/m/n/10.53937/68 ^^G \C70/rm/m/n/10.53937/4e :$[]$\OT1/cmr/m
/n/10.53937 . 
 []


Overfull \hbox (19.38264pt too wide) in paragraph at lines 121--126
[]$\OML/cmm/m/it/10.53937 P$\C70/rm/m/n/10.53937/66 / \C70/rm/m/n/10.53937/69 -
 \C70/rm/m/n/10.53937/57 ^^F$[] \OT1/cmr/m/n/10.53937 (\OML/cmm/m/it/10.53937 a
 > b > \OT1/cmr/m/n/10.53937 0)$\C70/rm/m/n/10.53937/4e 
 ^^@ \C70/rm/m/n/10.53937/70 π|\C70/rm/m/n/10.53937/ff ^^L| \C70/rm/m/n/10.5393
7/52 ^^Y \C70/rm/m/n/10.53937/70 π$\OML/cmm/m/it/10.53937 P$\C70/rm/m/n/10.5393
7/5b ˘ \C70/rm/m/n/10.53937/69 - \C70/rm/m/n/10.53937/57 ^^F \C70/rm/m/n/10.539
37/4e $ \C70/rm/m/n/10.53937/71 & \C70/rm/m/n/10.53937/70 π \C70/rm/m/n/10.5393
7/5f   \C70/rm/m/n/10.53937/76 Ù \C70/rm/m/n/10.53937/89 “ \C70/rm/m/n/10.53937
/76 Ñ \C70/rm/m/n/10.53937/51 E \C70/rm/m/n/10.53937/89 Å \C70/rm/m/n/10.53937/
67 a \C70/rm/m/n/10.53937/4e ˆ \C70/rm/m/n/10.53937/66 /$\OML/cmm/m/it/10.53937
 e[] \OT1/cmr/m/n/10.53937 = []$. 
 []


Overfull \hbox (3.1457pt too wide) in paragraph at lines 133--134
[]\C70/rm/m/n/10.53937/8b æ$\OML/cmm/m/it/10.53937 S$\C70/rm/m/n/10.53937/4e : 
\C70/rm/m/n/10.53937/69 - \C70/rm/m/n/10.53937/57 ^^F$[] \OT1/cmr/m/n/10.53937 
+ [] = 1 []$\C70/rm/m/n/10.53937/76 Ñ \C70/rm/m/n/10.53937/90 ^^Z \C70/rm/m/n/1
0.53937/5f Ñ|\C70/rm/m/n/10.53937/ff ^^L| \C70/rm/m/n/10.53937/5b ö \C70/rm/m/n
/10.53937/95 ^^? \C70/rm/m/n/10.53937/7e ø \C70/rm/m/n/10.53937/6b µ$\OML/cmm/m
/it/10.53937 L$\C70/rm/m/n/10.53937/76 Ñ \C70/rm/m/n/10.53937/4e $ \C70/rm/m/n/
10.53937/7a Ô \C70/rm/m/n/10.53937/70 π$\OML/cmm/m/it/10.53937 A$|\C70/rm/m/n/1
0.53937/ff ^^L| $\OML/cmm/m/it/10.53937 B$\C70/rm/m/n/10.53937/57 ( \C70/rm/m/n
/10.53937/69 - \C70/rm/m/n/10.53937/57 ^^F \C70/rm/m/n/10.53937/4e 
 \C70/rm/m/n/10.53937/79 ˚ \C70/rm/m/n/10.53937/52 ®|\C70/rm/m/n/10.53937/ff ^^
L| \C70/rm/m/n/10.53937/8b ∞$[] \OT1/cmr/m/n/10.53937 =
 []

[3] [4]
Overfull \hbox (18.0938pt too wide) in paragraph at lines 166--167
[]\C70/rm/m/n/10.53937/8b æ$\OML/cmm/m/it/10.53937 A$|\C70/rm/m/n/10.53937/30 ^
^A| $\OML/cmm/m/it/10.53937 B$|\C70/rm/m/n/10.53937/30 ^^A| $\OML/cmm/m/it/10.5
3937 C$|\C70/rm/m/n/10.53937/30 ^^A| $\OML/cmm/m/it/10.53937 D$\C70/rm/m/n/10.5
3937/4e : \C70/rm/m/n/10.53937/69 - \C70/rm/m/n/10.53937/57 ^^F$[] \OT1/cmr/m/n
/10.53937 + [] = 1$\C70/rm/m/n/10.53937/4e 
 \C70/rm/m/n/10.53937/56 € \C70/rm/m/n/10.53937/70 π|\C70/rm/m/n/10.53937/ff ^^
L| $\OML/cmm/m/it/10.53937 AB$|\C70/rm/m/n/10.53937/30 ^^A| $\OML/cmm/m/it/10.5
3937 BC$\C70/rm/m/n/10.53937/62 @ \C70/rm/m/n/10.53937/57 ( \C70/rm/m/n/10.5393
7/76 Ù \C70/rm/m/n/10.53937/7e ø \C70/rm/m/n/10.53937/76 Ñ \C70/rm/m/n/10.53937
/50 > \C70/rm/m/n/10.53937/65 ú \C70/rm/m/n/10.53937/89 “ \C70/rm/m/n/10.53937/
52 ^^F + \C70/rm/m/n/10.53937/4e :$\OML/cmm/m/it/10.53937 $|\C70/rm/m/n/10.539
37/30 ^^A| $\OML/cmm/m/it/10.53937 ^^L$|\C70/rm/m/n/10.53937/ff ^^L| \C70/rm/m/
n/10.53937/76 Ù \C70/rm/m/n/10.53937/7e ø$\OML/cmm/m/it/10.53937 AB$\C70/rm/m/n
/10.53937/4e ^^N$\OML/cmm/m/it/10.53937 CD$\C70/rm/m/n/10.53937/76 ¯
 []


Overfull \hbox (39.55217pt too wide) in paragraph at lines 173--174
[]\C70/rm/m/n/10.53937/8b æ$\OMS/cmsy/m/n/10.53937 4\OML/cmm/m/it/10.53937 ABC$
\C70/rm/m/n/10.53937/51 Ö \C70/rm/m/n/10.53937/63 • \C70/rm/m/n/10.53937/4e é \
C70/rm/m/n/10.53937/69 - \C70/rm/m/n/10.53937/57 ^^F$\OT1/cmr/m/n/10.53937 ^^@$
|\C70/rm/m/n/10.53937/ff ^^L| \C70/rm/m/n/10.53937/4e ^^T$\OML/cmm/m/it/10.5393
7 AB$\C70/rm/m/n/10.53937/4e :$\OT1/cmr/m/n/10.53937 ^^@$\C70/rm/m/n/10.53937/7
6 Ñ Ù \C70/rm/m/n/10.53937/5f Ñ|\C70/rm/m/n/10.53937/ff ^^L| $\OML/cmm/m/it/10.
53937 l$\C70/rm/m/n/10.53937/4e :$\OML/cmm/m/it/10.53937 AB$\C70/rm/m/n/10.5393
7/76 Ñ \C70/rm/m/n/10.53937/51 q \C70/rm/m/n/10.53937/8f m \C70/rm/m/n/10.53937
/76 Ù \C70/rm/m/n/10.53937/5f Ñ \C70/rm/m/n/10.53937/62 @ \C70/rm/m/n/10.53937/
57 ( \C70/rm/m/n/10.53937/76 Ñ Ù \C70/rm/m/n/10.53937/7e ø|\C70/rm/m/n/10.53937
/ff ^^L| $\OT1/cmr/m/n/10.53937 1$\C70/rm/m/n/10.53937/52 ^^F + \C70/rm/m/n/10.
53937/4e § \C70/rm/m/n/10.53937/76 Ù \C70/rm/m/n/10.53937/7e ø$\OML/cmm/m/it/10
.53937 AC$|\C70/rm/m/n/10.53937/30 ^^A| $\OML/cmm/m/it/10.53937 BC$\C70/rm/m/n/
10.53937/4e é$\OML/cmm/m/it/10.53937 E$\C70/rm/m/n/10.53937/54 å$\OML/cmm/m/it/
10.53937 F$|\C70/rm/m/n/10.53937/ff ^^L|
 []


Overfull \hbox (10.5204pt too wide) in paragraph at lines 181--182
[]\C70/rm/m/n/10.53937/5d Ú \C70/rm/m/n/10.53937/77 Â \C70/rm/m/n/10.53937/69 -
 \C70/rm/m/n/10.53937/57 ^^F$[] \OT1/cmr/m/n/10.53937 + [] = 1 []$|\C70/rm/m/n/
10.53937/ff ^^L| $\OML/cmm/m/it/10.53937 A$|\C70/rm/m/n/10.53937/30 ^^A| $\OML/
cmm/m/it/10.53937 B$\C70/rm/m/n/10.53937/66 / \C70/rm/m/n/10.53937/69 - \C70/rm
/m/n/10.53937/57 ^^F \C70/rm/m/n/10.53937/4e 
 \C70/rm/m/n/10.53937/76 Ñ \C70/rm/m/n/10.53937/4e $ \C70/rm/m/n/10.53937/70 π|
\C70/rm/m/n/10.53937/ff ^^L| \C70/rm/m/n/10.53937/7e ø \C70/rm/m/n/10.53937/6b 
µ$\OML/cmm/m/it/10.53937 AB$\C70/rm/m/n/10.53937/76 Ñ \C70/rm/m/n/10.53937/4e -
 \C70/rm/m/n/10.53937/57 Ç \C70/rm/m/n/10.53937/7e ø \C70/rm/m/n/10.53937/4e ^^
N$\OML/cmm/m/it/10.53937 x$\C70/rm/m/n/10.53937/8f t \C70/rm/m/n/10.53937/76 ¯ 
\C70/rm/m/n/10.53937/4e § é \C70/rm/m/n/10.53937/70 π$\OML/cmm/m/it/10.53937 P\
OT1/cmr/m/n/10.53937 (\OML/cmm/m/it/10.53937 x[]; \OT1/cmr/m/n/10.53937 0)$|\C7
0/rm/m/n/10.53937/ff ^^L|
 []


Overfull \hbox (32.52911pt too wide) in paragraph at lines 189--189
[]\C70/rm/m/n/10.53937/8b æ \C70/rm/m/n/10.53937/8f « \C70/rm/m/n/10.53937/69 -
 \C70/rm/m/n/10.53937/57 ^^F \C70/rm/m/n/10.53937/76 Ñ \C70/rm/m/n/10.53937/95 
^^? \C70/rm/m/n/10.53937/8f t \C70/rm/m/n/10.53937/4e 
 ^^@ \C70/rm/m/n/10.53937/70 π$\OML/cmm/m/it/10.53937 B\OT1/cmr/m/n/10.53937 (\
OML/cmm/m/it/10.53937 m; \OT1/cmr/m/n/10.53937 0)$\C70/rm/m/n/10.53937/4f \ \C7
0/rm/m/n/10.53937/76 Ù \C70/rm/m/n/10.53937/7e ø \C70/rm/m/n/10.53937/4e ^^N \C
70/rm/m/n/10.53937/69 - \C70/rm/m/n/10.53937/57 ^^F \C70/rm/m/n/10.53937/76 ¯ \
C70/rm/m/n/10.53937/4e § é$\OML/cmm/m/it/10.53937 P$|\C70/rm/m/n/10.53937/30 ^^
A| $\OML/cmm/m/it/10.53937 Q$\C70/rm/m/n/10.53937/4e $ \C70/rm/m/n/10.53937/70 
π|\C70/rm/m/n/10.53937/ff ^^L| $\OML/cmm/m/it/10.53937 A$\C70/rm/m/n/10.53937/4
e : \C70/rm/m/n/10.53937/69 - \C70/rm/m/n/10.53937/57 ^^F \C70/rm/m/n/10.53937/
95 ^^? \C70/rm/m/n/10.53937/8f t \C70/rm/m/n/10.53937/76 Ñ \C70/rm/m/n/10.53937
/5d Ê \C70/rm/m/n/10.53937/98 v \C70/rm/m/n/10.53937/70 π|\C70/rm/m/n/10.53937/
ff ^^L| \C70/rm/m/n/10.53937/8f ﬁ \C70/rm/m/n/10.53937/7e ”$\OML/cmm/m/it/10.53
937 AP$\C70/rm/m/n/10.53937/54 å$\OML/cmm/m/it/10.53937 AQ$\C70/rm/m/n/10.53937
/52 ^^F
 []

[5] [6]
Overfull \hbox (18.00142pt too wide) in paragraph at lines 234--235
[]\C70/rm/m/n/10.53937/8b æ \C70/rm/m/n/10.53937/69 - \C70/rm/m/n/10.53937/57 ^
^F$[] \OT1/cmr/m/n/10.53937 + [] = 1 []$\C70/rm/m/n/10.53937/76 Ñ \C70/rm/m/n/1
0.53937/95 ^^? \C70/rm/m/n/10.53937/8f t \C70/rm/m/n/10.53937/76 Ñ \C70/rm/m/n/
10.53937/7a Ô \C70/rm/m/n/10.53937/70 π \C70/rm/m/n/10.53937/4e :$\OML/cmm/m/it
/10.53937 A$|\C70/rm/m/n/10.53937/30 ^^A| $\OML/cmm/m/it/10.53937 A[]$|\C70/rm/
m/n/10.53937/ff ^^L| $\OML/cmm/m/it/10.53937 P\OT1/cmr/m/n/10.53937 (\OML/cmm/m
/it/10.53937 x[]; y[]\OT1/cmr/m/n/10.53937 )$\C70/rm/m/n/10.53937/66 / \C70/rm/
m/n/10.53937/69 - \C70/rm/m/n/10.53937/57 ^^F \C70/rm/m/n/10.53937/4e 
 \C70/rm/m/n/10.53937/76 Ñ \C70/rm/m/n/10.53937/70 π|\C70/rm/m/n/10.53937/ff ^^
L| \C70/rm/m/n/10.53937/8f «$\OML/cmm/m/it/10.53937 P$\C70/rm/m/n/10.53937/4f \
 \C70/rm/m/n/10.53937/65 ú \C70/rm/m/n/10.53937/73 á \C70/rm/m/n/10.53937/4e :$
\OMS/cmsy/m/n/10.53937 ^^@[]$\C70/rm/m/n/10.53937/76 Ñ
 []


Overfull \hbox (30.03082pt too wide) in paragraph at lines 246--248
[] |\C70/rm/m/n/10.53937/ff ^^H|\OT1/cmr/m/n/10.53937 2|\C70/rm/m/n/10.53937/ff
 	| \C70/rm/m/n/10.53937/4e Â$\OML/cmm/m/it/10.53937 OA$|\C70/rm/m/n/10.53937/3
0 ^^A| $\OML/cmm/m/it/10.53937 OB$\C70/rm/m/n/10.53937/4e : \C70/rm/m/n/10.5393
7/76 Ù \C70/rm/m/n/10.53937/5f Ñ \C70/rm/m/n/10.53937/76 Ñ \C70/rm/m/n/10.53937
/4e $ \C70/rm/m/n/10.53937/57 ^^F \C70/rm/m/n/10.53937/76 Ñ \C70/rm/m/n/10.5393
7/53 Ê \C70/rm/m/n/10.53937/4e ^^@ * § \C70/rm/m/n/10.53937/70 π$\OML/cmm/m/it/
10.53937 Q$\C70/rm/m/n/10.53937/76 Ñ \C70/rm/m/n/10.53937/8f h ˘ \C70/rm/m/n/10
.53937/65 π \C70/rm/m/n/10.53937/7a  \C70/rm/m/n/10.53937/66 / $[][] \OT1/cmr/
m/n/10.53937 + \OML/cmm/m/it/10.53937 y[] \OT1/cmr/m/n/10.53937 = [][] []$. 
 []

[7]
Overfull \hbox (10.28337pt too wide) in paragraph at lines 266--266
[]\C70/rm/m/n/10.53937/8b æ \C70/rm/m/n/10.53937/70 π$\OML/cmm/m/it/10.53937 P\
OT1/cmr/m/n/10.53937 (\OML/cmm/m/it/10.53937 x[]; y[]\OT1/cmr/m/n/10.53937 )$\C
70/rm/m/n/10.53937/4e : \C70/rm/m/n/10.53937/69 - \C70/rm/m/n/10.53937/57 ^^F$[
] \OT1/cmr/m/n/10.53937 + [] = 1 []$\C70/rm/m/n/10.53937/76 Ñ \C70/rm/m/n/10.53
937/51 Ö \C70/rm/m/n/10.53937/90 Ë \C70/rm/m/n/10.53937/4e ^^@ \C70/rm/m/n/10.5
3937/5b ö \C70/rm/m/n/10.53937/70 π|\C70/rm/m/n/10.53937/ff ^^L| $\OML/cmm/m/it
/10.53937 AB$\C70/rm/m/n/10.53937/66 / \C70/rm/m/n/10.53937/69 - \C70/rm/m/n/10
.53937/57 ^^F$[] \OT1/cmr/m/n/10.53937 + [] = 1$\C70/rm/m/n/10.53937/8f « \C70/
rm/m/n/10.53937/5b ö \C70/rm/m/n/10.53937/70 π$\OML/cmm/m/it/10.53937 P\OT1/cmr
/m/n/10.53937 (\OML/cmm/m/it/10.53937 x[]; y[]\OT1/cmr/m/n/10.53937 )$\C70/rm/m
/n/10.53937/76 Ñ
 []

[8] 
AED: lastpage setting LastPage
[9]
Package atveryend Info: Empty hook `BeforeClearDocument' on input line 320.
Package atveryend Info: Empty hook `AfterLastShipout' on input line 320.
 (./ÂÖ≥‰∫éÊ§≠ÂúÜÁöÑ92‰∏™‰∫åÁ∫ßÂÖ¨Âºè.aux)
Package atveryend Info: Executing hook `AtVeryEndDocument' on input line 320.
Package atveryend Info: Executing hook `AtEndAfterFileList' on input line 320.
Package rerunfilecheck Info: File `ÂÖ≥‰∫éÊ§≠ÂúÜÁöÑ92‰∏™‰∫åÁ∫ßÂÖ¨Âºè.out' has no
t changed.
(rerunfilecheck)             Checksum: 06D8AB78E3A435005F1EA0621F91D72B;133.


LaTeX Font Warning: Size substitutions with differences
(Font)              up to 0.41063pt have occurred.

 ) 
Here is how much of TeX's memory you used:
 15716 strings out of 480608
 243526 string characters out of 5907536
 539384 words of memory out of 5000000
 31036 multiletter control sequences out of 15000+600000
 562804 words of font info for 136 fonts, out of 8000000 for 9000
 1141 hyphenation exceptions out of 8191
 46i,12n,52p,1014b,747s stack positions out of 5000i,500n,10000p,200000b,80000s
<c:/Windows/Fonts/simsun.ttc><c:/Windows/Fonts/simsun.ttc><c:/Windows/Fonts/s
imsun.ttc><c:/Windows/Fonts/simsun.ttc><c:/Windows/Fonts/simsun.ttc><c:/Windows
/Fonts/simsun.ttc><c:/Windows/Fonts/simsun.ttc><c:/Windows/Fonts/simsun.ttc><c:
/Windows/Fonts/simsun.ttc><c:/Windows/Fonts/simsun.ttc><c:/Windows/Fonts/simsun
.ttc><c:/Windows/Fonts/simsun.ttc><c:/Windows/Fonts/simsun.ttc><c:/Windows/Font
s/simsun.ttc><c:/Windows/Fonts/simsun.ttc><c:/Windows/Fonts/simsun.ttc><c:/Wind
ows/Fonts/simsun.ttc><c:/Windows/Fonts/simsun.ttc><c:/Windows/Fonts/simsun.ttc>
<c:/Windows/Fonts/simsun.ttc><c:/Windows/Fonts/simsun.ttc><c:/Windows/Fonts/sim
sun.ttc><c:/Windows/Fonts/simsun.ttc><c:/Windows/Fonts/simsun.ttc><c:/Windows/F
onts/simsun.ttc><c:/Windows/Fonts/simsun.ttc><c:/Windows/Fonts/simsun.ttc><c:/W
indows/Fonts/simsun.ttc><c:/Windows/Fonts/simsun.ttc><c:/Windows/Fonts/simsun.t
tc><c:/Windows/Fonts/simsun.ttc><c:/Windows/Fonts/simsun.ttc><c:/Windows/Fonts/
simsun.ttc><c:/Windows/Fonts/simsun.ttc><c:/Windows/Fonts/simsun.ttc><c:/Window
s/Fonts/simsun.ttc><c:/Windows/Fonts/simsun.ttc><c:/Windows/Fonts/simsun.ttc><c
:/Windows/Fonts/simsun.ttc><c:/Windows/Fonts/simsun.ttc><c:/Windows/Fonts/simsu
n.ttc><c:/Windows/Fonts/simsun.ttc><c:/Windows/Fonts/simsun.ttc><c:/Windows/Fon
ts/simsun.ttc><c:/Windows/Fonts/simsun.ttc><c:/Windows/Fonts/simsun.ttc><c:/Win
dows/Fonts/simsun.ttc><c:/Windows/Fonts/simsun.ttc><c:/Windows/Fonts/simsun.ttc
><c:/Windows/Fonts/simsun.ttc><c:/Windows/Fonts/simhei.ttf><c:/Windows/Fonts/si
mhei.ttf><c:/Windows/Fonts/simhei.ttf><c:/Windows/Fonts/simhei.ttf><c:/Windows/
Fonts/simhei.ttf><c:/Windows/Fonts/simhei.ttf><c:/Windows/Fonts/simhei.ttf><c:/
Windows/Fonts/simsun.ttc><c:/Windows/Fonts/simsun.ttc><c:/Windows/Fonts/simsun.
ttc><c:/Windows/Fonts/simsun.ttc><c:/Windows/Fonts/simsun.ttc><c:/Windows/Fonts
/simsun.ttc><c:/Windows/Fonts/simsun.ttc><c:/Windows/Fonts/simsun.ttc><c:/Windo
ws/Fonts/simsun.ttc><c:/Windows/Fonts/simsun.ttc><c:/texlive/2020/texmf-dist/fo
nts/type1/public/amsfonts/cm/cmbx10.pfb><c:/texlive/2020/texmf-dist/fonts/type1
/public/amsfonts/cm/cmbx12.pfb><c:/texlive/2020/texmf-dist/fonts/type1/public/a
msfonts/cm/cmex10.pfb><c:/texlive/2020/texmf-dist/fonts/type1/public/amsfonts/c
m/cmmi10.pfb><c:/texlive/2020/texmf-dist/fonts/type1/public/amsfonts/cm/cmmi7.p
fb><c:/texlive/2020/texmf-dist/fonts/type1/public/amsfonts/cm/cmr10.pfb><c:/tex
live/2020/texmf-dist/fonts/type1/public/amsfonts/cm/cmr12.pfb><c:/texlive/2020/
texmf-dist/fonts/type1/public/amsfonts/cm/cmr17.pfb><c:/texlive/2020/texmf-dist
/fonts/type1/public/amsfonts/cm/cmr5.pfb><c:/texlive/2020/texmf-dist/fonts/type
1/public/amsfonts/cm/cmr7.pfb><c:/texlive/2020/texmf-dist/fonts/type1/public/am
sfonts/cm/cmsl10.pfb><c:/texlive/2020/texmf-dist/fonts/type1/public/amsfonts/cm
/cmsy10.pfb><c:/texlive/2020/texmf-dist/fonts/type1/public/amsfonts/cm/cmsy7.pf
b>
Output written on ÂÖ≥‰∫éÊ§≠ÂúÜÁöÑ92‰∏™‰∫åÁ∫ßÂÖ¨Âºè.pdf (9 pages, 460763 bytes).

PDF statistics:
 561 PDF objects out of 1000 (max. 8388607)
 412 compressed objects within 5 object streams
 103 named destinations out of 1000 (max. 500000)
 221 words of extra memory for PDF output out of 10000 (max. 10000000)

